# JRE version: OpenJDK Runtime Environment (10.0.2+13) (build 10.0.2+13-Ubuntu-1ubuntu0.18.04.4)
# Java VM: OpenJDK 64-Bit Server VM (10.0.2+13-Ubuntu-1ubuntu0.18.04.4, mixed mode, tiered, compressed oops, g1 gc, linux-amd64)
Heap:
 garbage-first heap   total 885760K, used 5450K [0x0000000087400000, 0x0000000100000000)
  region size 1024K, 1 young (1024K), 1 survivors (1024K)
 Metaspace       used 11182K, capacity 11416K, committed 11648K, reserved 1060864K
  class space    used 917K, capacity 1036K, committed 1152K, reserved 1048576K
GC Heap History (10 events):
Event: 13,020 GC heap after
{Heap after GC invocations=403 (full 0):
 garbage-first heap   total 560128K, used 5452K [0x0000000087400000, 0x0000000100000000)
  region size 1024K, 1 young (1024K), 1 survivors (1024K)
 Metaspace       used 11182K, capacity 11416K, committed 11648K, reserved 1060864K
  class space    used 917K, capacity 1036K, committed 1152K, reserved 1048576K
}
Event: 13,048 GC heap before
{Heap before GC invocations=404 (full 0):
 garbage-first heap   total 560128K, used 251212K [0x0000000087400000, 0x0000000100000000)
  region size 1024K, 2 young (2048K), 1 survivors (1024K)
 Metaspace       used 11182K, capacity 11416K, committed 11648K, reserved 1060864K
  class space    used 917K, capacity 1036K, committed 1152K, reserved 1048576K
}
Event: 13,048 GC heap after
{Heap after GC invocations=405 (full 0):
 garbage-first heap   total 560128K, used 5450K [0x0000000087400000, 0x0000000100000000)
  region size 1024K, 1 young (1024K), 1 survivors (1024K)
 Metaspace       used 11182K, capacity 11416K, committed 11648K, reserved 1060864K
  class space    used 917K, capacity 1036K, committed 1152K, reserved 1048576K
}
Event: 13,080 GC heap before
{Heap before GC invocations=406 (full 0):
 garbage-first heap   total 560128K, used 251210K [0x0000000087400000, 0x0000000100000000)
  region size 1024K, 2 young (2048K), 1 survivors (1024K)
 Metaspace       used 11182K, capacity 11416K, committed 11648K, reserved 1060864K
  class space    used 917K, capacity 1036K, committed 1152K, reserved 1048576K
}
Event: 13,081 GC heap after
{Heap after GC invocations=407 (full 0):
 garbage-first heap   total 560128K, used 5450K [0x0000000087400000, 0x0000000100000000)
  region size 1024K, 1 young (1024K), 1 survivors (1024K)
 Metaspace       used 11182K, capacity 11416K, committed 11648K, reserved 1060864K
  class space    used 917K, capacity 1036K, committed 1152K, reserved 1048576K
}
Event: 13,110 GC heap before
{Heap before GC invocations=408 (full 0):
 garbage-first heap   total 560128K, used 251210K [0x0000000087400000, 0x0000000100000000)
  region size 1024K, 2 young (2048K), 1 survivors (1024K)
 Metaspace       used 11182K, capacity 11416K, committed 11648K, reserved 1060864K
  class space    used 917K, capacity 1036K, committed 1152K, reserved 1048576K
}
Event: 13,111 GC heap after
{Heap after GC invocations=409 (full 0):
 garbage-first heap   total 560128K, used 5450K [0x0000000087400000, 0x0000000100000000)
  region size 1024K, 1 young (1024K), 1 survivors (1024K)
 Metaspace       used 11182K, capacity 11416K, committed 11648K, reserved 1060864K
  class space    used 917K, capacity 1036K, committed 1152K, reserved 1048576K
}
Event: 13,145 GC heap before
{Heap before GC invocations=410 (full 0):
 garbage-first heap   total 560128K, used 251210K [0x0000000087400000, 0x0000000100000000)
  region size 1024K, 2 young (2048K), 1 survivors (1024K)
 Metaspace       used 11182K, capacity 11416K, committed 11648K, reserved 1060864K
  class space    used 917K, capacity 1036K, committed 1152K, reserved 1048576K
}
Event: 13,149 GC heap after
{Heap after GC invocations=411 (full 0):
 garbage-first heap   total 560128K, used 5450K [0x0000000087400000, 0x0000000100000000)
  region size 1024K, 1 young (1024K), 1 survivors (1024K)
 Metaspace       used 11182K, capacity 11416K, committed 11648K, reserved 1060864K
  class space    used 917K, capacity 1036K, committed 1152K, reserved 1048576K
}
Event: 13,185 GC heap before
{Heap before GC invocations=412 (full 0):
 garbage-first heap   total 560128K, used 251210K [0x0000000087400000, 0x0000000100000000)
  region size 1024K, 2 young (2048K), 1 survivors (1024K)
 Metaspace       used 11182K, capacity 11416K, committed 11648K, reserved 1060864K
  class space    used 917K, capacity 1036K, committed 1152K, reserved 1048576K
}

